<?xml version="1.0" encoding="UTF-8"?>
<!-- Generated by org.testng.reporters.JUnitXMLReporter -->
<testsuite hostname="IABLR-LT155" name="Test" tests="3" failures="1" timestamp="26 Mar 2020 15:01:52 GMT" time="0.03" errors="0">
  <testcase name="register" time="0.011" classname="annotationPackage.Depends"/>
  <testcase name="login" time="0.001" classname="annotationPackage.Depends">
    <failure type="java.lang.AssertionError" message="expected [true] but found [false]">
      <![CDATA[java.lang.AssertionError: expected [true] but found [false]
	at annotationPackage.Depends.login(Depends.java:12)
... Removed 29 stack frames]]>
    </failure>
  </testcase> <!-- login -->
  <testcase name="createNewUser" time="0.0" classname="annotationPackage.Depends">
    <skipped/>
  </testcase> <!-- createNewUser -->
</testsuite> <!-- Test -->
