<?xml version="1.0" encoding="UTF-8"?>
<!-- Generated by org.testng.reporters.JUnitXMLReporter -->
<testsuite hostname="IABLR-LT155" name="Test" tests="1" failures="0" timestamp="26 Mar 2020 15:36:35 GMT" time="0.028" errors="0">
  <testcase name="@BeforeMethod openChrome" time="0.0" classname="listenerPackage.ListenerClass">
    <failure type="java.lang.AssertionError" message="null">
      <![CDATA[java.lang.AssertionError: null
	at listenerPackage.ListenerClass.openChrome(ListenerClass.java:19)
... Removed 29 stack frames]]>
    </failure>
  </testcase> <!-- @BeforeMethod openChrome -->
  <testcase name="@AfterMethod closeChrome" time="0.0" classname="listenerPackage.ListenerClass">
    <skipped/>
  </testcase> <!-- @AfterMethod closeChrome -->
  <testcase name="loginTest" time="0.001" classname="listenerPackage.ListenerClass">
    <skipped/>
  </testcase> <!-- loginTest -->
</testsuite> <!-- Test -->
