<?xml version="1.0" encoding="UTF-8"?>
<testng-results skipped="0" failed="0" total="1" passed="1">
  <reporter-output>
  </reporter-output>
  <suite name="Suite" duration-ms="28" started-at="2020-03-27T11:43:39Z" finished-at="2020-03-27T11:43:39Z">
    <groups>
    </groups>
    <test name="Test" duration-ms="28" started-at="2020-03-27T11:43:39Z" finished-at="2020-03-27T11:43:39Z">
      <class name="parametersPackage.Parameterization">
        <test-method status="PASS" signature="testParameterization(java.lang.String, java.lang.String)[pri:0, instance:parametersPackage.Parameterization@c038203]" name="testParameterization" duration-ms="11" started-at="2020-03-27T17:13:39Z" finished-at="2020-03-27T17:13:39Z">
          <params>
            <param index="0">
              <value>
                <![CDATA[firefox]]>
              </value>
            </param>
            <param index="1">
              <value>
                <![CDATA[QA]]>
              </value>
            </param>
          </params>
          <reporter-output>
          </reporter-output>
        </test-method> <!-- testParameterization -->
      </class> <!-- parametersPackage.Parameterization -->
    </test> <!-- Test -->
  </suite> <!-- Suite -->
</testng-results>
